2025-10-25 21:46:35,389 - src.batch - INFO - Starting batch processing: 101 URLs
2025-10-25 21:46:35,390 - src.batch - INFO - [1/101] Processing: https://www.landsiedel.com/de/anwendungen/nlp-fuer-lehrer.html
2025-10-25 21:46:45,178 - src.batch - INFO -   Saved: output/de/anwendungen/nlp-fuer-lehrer.html
2025-10-25 21:46:45,178 - src.batch - INFO -   Saved: output/en/anwendungen/nlp-fuer-lehrer.html
2025-10-25 21:46:45,178 - src.batch - INFO - [1/101] Success
2025-10-25 21:46:46,179 - src.batch - INFO - [2/101] Processing: https://www.landsiedel.com/de/anwendungen/nlp-und-kinder.html
2025-10-25 21:46:59,730 - src.batch - INFO -   Saved: output/de/anwendungen/nlp-und-kinder.html
2025-10-25 21:46:59,730 - src.batch - INFO -   Saved: output/en/anwendungen/nlp-und-kinder.html
2025-10-25 21:46:59,730 - src.batch - INFO - [2/101] Success
2025-10-25 21:47:00,731 - src.batch - INFO - [3/101] Processing: https://www.landsiedel.com/de/anwendungen/nlp-und-motivation.html
2025-10-25 21:47:03,688 - src.batch - INFO -   Saved: output/de/anwendungen/nlp-und-motivation.html
2025-10-25 21:47:03,688 - src.batch - INFO -   Saved: output/en/anwendungen/nlp-und-motivation.html
2025-10-25 21:47:03,688 - src.batch - INFO - [3/101] Success
2025-10-25 21:47:04,689 - src.batch - INFO - [4/101] Processing: https://www.landsiedel.com/de/anwendungen/stressbewaeltigung-durch-nlp.html
2025-10-25 21:47:07,891 - src.batch - INFO -   Saved: output/de/anwendungen/stressbewaeltigung-durch-nlp.html
2025-10-25 21:47:07,891 - src.batch - INFO -   Saved: output/en/anwendungen/stressbewaeltigung-durch-nlp.html
2025-10-25 21:47:07,891 - src.batch - INFO - [4/101] Success
2025-10-25 21:47:08,891 - src.batch - INFO - [5/101] Processing: https://www.landsiedel.com/de/bibliothek/bibliothek.php
2025-10-25 21:47:11,736 - src.batch - INFO -   Saved: output/de/bibliothek/bibliothek.php.html
2025-10-25 21:47:11,736 - src.batch - INFO -   Saved: output/en/bibliothek/bibliothek.php.html
2025-10-25 21:47:11,736 - src.batch - INFO - [5/101] Success
2025-10-25 21:47:12,736 - src.batch - INFO - [6/101] Processing: https://www.landsiedel.com/de/bibliothek/m-02-00-glaubenssaetze-neu.php
2025-10-25 21:47:29,222 - src.batch - INFO -   Saved: output/de/bibliothek/m-02-00-glaubenssaetze-neu.php.html
2025-10-25 21:47:29,222 - src.batch - INFO -   Saved: output/en/bibliothek/m-02-00-glaubenssaetze-neu.php.html
2025-10-25 21:47:29,223 - src.batch - INFO - [6/101] Success
2025-10-25 21:47:30,223 - src.batch - INFO - [7/101] Processing: https://www.landsiedel.com/de/bibliothek/m-03-00-werte-neu.php
2025-10-25 21:47:39,964 - src.batch - INFO -   Saved: output/de/bibliothek/m-03-00-werte-neu.php.html
2025-10-25 21:47:39,964 - src.batch - INFO -   Saved: output/en/bibliothek/m-03-00-werte-neu.php.html
2025-10-25 21:47:39,964 - src.batch - INFO - [7/101] Success
2025-10-25 21:47:40,964 - src.batch - INFO - [8/101] Processing: https://www.landsiedel.com/de/bibliothek/m-03-07-lebensregeln-neu.php
2025-10-25 21:47:44,782 - src.batch - INFO -   Saved: output/de/bibliothek/m-03-07-lebensregeln-neu.php.html
2025-10-25 21:47:44,782 - src.batch - INFO -   Saved: output/en/bibliothek/m-03-07-lebensregeln-neu.php.html
2025-10-25 21:47:44,782 - src.batch - INFO - [8/101] Success
2025-10-25 21:47:45,782 - src.batch - INFO - [9/101] Processing: https://www.landsiedel.com/de/bibliothek/m-04-00-neuro-logische-ebenen-neu.html
2025-10-25 21:47:56,890 - src.batch - INFO -   Saved: output/de/bibliothek/m-04-00-neuro-logische-ebenen-neu.html
2025-10-25 21:47:56,890 - src.batch - INFO -   Saved: output/en/bibliothek/m-04-00-neuro-logische-ebenen-neu.html
2025-10-25 21:47:56,890 - src.batch - INFO - [9/101] Success
2025-10-25 21:47:57,890 - src.batch - INFO - [10/101] Processing: https://www.landsiedel.com/de/bibliothek/m-05-04-reimprinting-der-zeitlinie-der-eltern-neu.php
2025-10-25 21:48:02,634 - src.batch - INFO -   Saved: output/de/bibliothek/m-05-04-reimprinting-der-zeitlinie-der-eltern-neu.php.html
2025-10-25 21:48:02,634 - src.batch - INFO -   Saved: output/en/bibliothek/m-05-04-reimprinting-der-zeitlinie-der-eltern-neu.php.html
2025-10-25 21:48:02,634 - src.batch - INFO - [10/101] Success
2025-10-25 21:48:03,634 - src.batch - INFO - [11/101] Processing: https://www.landsiedel.com/de/bibliothek/m-07-00-metaphern-neu.html
2025-10-25 21:48:20,829 - src.batch - INFO -   Saved: output/de/bibliothek/m-07-00-metaphern-neu.html
2025-10-25 21:48:20,829 - src.batch - INFO -   Saved: output/en/bibliothek/m-07-00-metaphern-neu.html
2025-10-25 21:48:20,829 - src.batch - INFO - [11/101] Success
2025-10-25 21:48:21,829 - src.batch - INFO - [12/101] Processing: https://www.landsiedel.com/de/bibliothek/m-08-02-graves-wertemodell-neu.php
2025-10-25 21:48:47,531 - src.batch - INFO -   Saved: output/de/bibliothek/m-08-02-graves-wertemodell-neu.php.html
2025-10-25 21:48:47,531 - src.batch - INFO -   Saved: output/en/bibliothek/m-08-02-graves-wertemodell-neu.php.html
2025-10-25 21:48:47,531 - src.batch - INFO - [12/101] Success
2025-10-25 21:48:48,531 - src.batch - INFO - [13/101] Processing: https://www.landsiedel.com/de/bibliothek/m-10-00-modelling-neu.php
2025-10-25 21:49:00,520 - src.batch - INFO -   Saved: output/de/bibliothek/m-10-00-modelling-neu.php.html
2025-10-25 21:49:00,520 - src.batch - INFO -   Saved: output/en/bibliothek/m-10-00-modelling-neu.php.html
2025-10-25 21:49:00,520 - src.batch - INFO - [13/101] Success
2025-10-25 21:49:01,521 - src.batch - INFO - [14/101] Processing: https://www.landsiedel.com/de/bibliothek/m-12-00-virginia-satir-neu.php
2025-10-25 21:49:06,696 - src.batch - INFO -   Saved: output/de/bibliothek/m-12-00-virginia-satir-neu.php.html
2025-10-25 21:49:06,696 - src.batch - INFO -   Saved: output/en/bibliothek/m-12-00-virginia-satir-neu.php.html
2025-10-25 21:49:06,696 - src.batch - INFO - [14/101] Success
2025-10-25 21:49:07,696 - src.batch - INFO - [15/101] Processing: https://www.landsiedel.com/de/bibliothek/m-12-03-beschwichtigen-neu.php
2025-10-25 21:49:17,153 - src.batch - INFO -   Saved: output/de/bibliothek/m-12-03-beschwichtigen-neu.php.html
2025-10-25 21:49:17,153 - src.batch - INFO -   Saved: output/en/bibliothek/m-12-03-beschwichtigen-neu.php.html
2025-10-25 21:49:17,153 - src.batch - INFO - [15/101] Success
2025-10-25 21:49:18,153 - src.batch - INFO - [16/101] Processing: https://www.landsiedel.com/de/bibliothek/m-12-09-selbst-selbstwert-neu.php
2025-10-25 21:49:22,013 - src.batch - INFO -   Saved: output/de/bibliothek/m-12-09-selbst-selbstwert-neu.php.html
2025-10-25 21:49:22,013 - src.batch - INFO -   Saved: output/en/bibliothek/m-12-09-selbst-selbstwert-neu.php.html
2025-10-25 21:49:22,013 - src.batch - INFO - [16/101] Success
2025-10-25 21:49:23,013 - src.batch - INFO - [17/101] Processing: https://www.landsiedel.com/de/bibliothek/m-12-17-skulpturarbeit-neu.php
2025-10-25 21:49:26,489 - src.batch - INFO -   Saved: output/de/bibliothek/m-12-17-skulpturarbeit-neu.php.html
2025-10-25 21:49:26,490 - src.batch - INFO -   Saved: output/en/bibliothek/m-12-17-skulpturarbeit-neu.php.html
2025-10-25 21:49:26,490 - src.batch - INFO - [17/101] Success
2025-10-25 21:49:27,490 - src.batch - INFO - [18/101] Processing: https://www.landsiedel.com/de/bibliothek/p-00-00-einleitung-neu.php
2025-10-25 21:49:35,042 - src.batch - INFO -   Saved: output/de/bibliothek/p-00-00-einleitung-neu.php.html
2025-10-25 21:49:35,042 - src.batch - INFO -   Saved: output/en/bibliothek/p-00-00-einleitung-neu.php.html
2025-10-25 21:49:35,042 - src.batch - INFO - [18/101] Success
2025-10-25 21:49:36,043 - src.batch - INFO - [19/101] Processing: https://www.landsiedel.com/de/bibliothek/p-00-07-vorannahmen-des-nlp-neu.html
2025-10-25 21:49:40,001 - src.batch - INFO -   Saved: output/de/bibliothek/p-00-07-vorannahmen-des-nlp-neu.html
2025-10-25 21:49:40,002 - src.batch - INFO -   Saved: output/en/bibliothek/p-00-07-vorannahmen-des-nlp-neu.html
2025-10-25 21:49:40,002 - src.batch - INFO - [19/101] Success
2025-10-25 21:49:41,002 - src.batch - INFO - [20/101] Processing: https://www.landsiedel.com/de/bibliothek/p-01-01-wahrnehmungsfilter-neu.php
2025-10-25 21:49:47,924 - src.batch - INFO -   Saved: output/de/bibliothek/p-01-01-wahrnehmungsfilter-neu.php.html
2025-10-25 21:49:47,924 - src.batch - INFO -   Saved: output/en/bibliothek/p-01-01-wahrnehmungsfilter-neu.php.html
2025-10-25 21:49:47,924 - src.batch - INFO - [20/101] Success
2025-10-25 21:49:48,925 - src.batch - INFO - [21/101] Processing: https://www.landsiedel.com/de/bibliothek/p-02-00-repraesentationssysteme-neu.php
2025-10-25 21:49:56,346 - src.batch - INFO -   Saved: output/de/bibliothek/p-02-00-repraesentationssysteme-neu.php.html
2025-10-25 21:49:56,346 - src.batch - INFO -   Saved: output/en/bibliothek/p-02-00-repraesentationssysteme-neu.php.html
2025-10-25 21:49:56,346 - src.batch - INFO - [21/101] Success
2025-10-25 21:49:57,347 - src.batch - INFO - [22/101] Processing: https://www.landsiedel.com/de/bibliothek/p-02-03-vorstellung-der-drei-typen-neu.html
2025-10-25 21:50:01,883 - src.batch - INFO -   Saved: output/de/bibliothek/p-02-03-vorstellung-der-drei-typen-neu.html
2025-10-25 21:50:01,883 - src.batch - INFO -   Saved: output/en/bibliothek/p-02-03-vorstellung-der-drei-typen-neu.html
2025-10-25 21:50:01,883 - src.batch - INFO - [22/101] Success
2025-10-25 21:50:02,883 - src.batch - INFO - [23/101] Processing: https://www.landsiedel.com/de/bibliothek/p-02-04-augenbewegungsmuster-neu.html
2025-10-25 21:50:08,156 - src.batch - INFO -   Saved: output/de/bibliothek/p-02-04-augenbewegungsmuster-neu.html
2025-10-25 21:50:08,156 - src.batch - INFO -   Saved: output/en/bibliothek/p-02-04-augenbewegungsmuster-neu.html
2025-10-25 21:50:08,156 - src.batch - INFO - [23/101] Success
2025-10-25 21:50:09,156 - src.batch - INFO - [24/101] Processing: https://www.landsiedel.com/de/bibliothek/p-03-01-statemanagement-neu.html
2025-10-25 21:50:12,768 - src.batch - INFO -   Saved: output/de/bibliothek/p-03-01-statemanagement-neu.html
2025-10-25 21:50:12,768 - src.batch - INFO -   Saved: output/en/bibliothek/p-03-01-statemanagement-neu.html
2025-10-25 21:50:12,768 - src.batch - INFO - [24/101] Success
2025-10-25 21:50:13,768 - src.batch - INFO - [25/101] Processing: https://www.landsiedel.com/de/bibliothek/p-03-04-anker-verschmelzen-neu.html
2025-10-25 21:50:18,065 - src.batch - INFO -   Saved: output/de/bibliothek/p-03-04-anker-verschmelzen-neu.html
2025-10-25 21:50:18,065 - src.batch - INFO -   Saved: output/en/bibliothek/p-03-04-anker-verschmelzen-neu.html
2025-10-25 21:50:18,065 - src.batch - INFO - [25/101] Success
2025-10-25 21:50:19,066 - src.batch - INFO - [26/101] Processing: https://www.landsiedel.com/de/bibliothek/p-04-00-meta-modell-neu.html
2025-10-25 21:50:37,211 - src.batch - INFO -   Saved: output/de/bibliothek/p-04-00-meta-modell-neu.html
2025-10-25 21:50:37,211 - src.batch - INFO -   Saved: output/en/bibliothek/p-04-00-meta-modell-neu.html
2025-10-25 21:50:37,211 - src.batch - INFO - [26/101] Success
2025-10-25 21:50:38,211 - src.batch - INFO - [27/101] Processing: https://www.landsiedel.com/de/bibliothek/p-04-03-das-transformationsmodell-neu.php
2025-10-25 21:50:42,051 - src.batch - INFO -   Saved: output/de/bibliothek/p-04-03-das-transformationsmodell-neu.php.html
2025-10-25 21:50:42,051 - src.batch - INFO -   Saved: output/en/bibliothek/p-04-03-das-transformationsmodell-neu.php.html
2025-10-25 21:50:42,051 - src.batch - INFO - [27/101] Success
2025-10-25 21:50:43,051 - src.batch - INFO - [28/101] Processing: https://www.landsiedel.com/de/bibliothek/p-05-00-refraiming-neu.html
2025-10-25 21:50:46,618 - src.batch - INFO -   Saved: output/de/bibliothek/p-05-00-refraiming-neu.html
2025-10-25 21:50:46,618 - src.batch - INFO -   Saved: output/en/bibliothek/p-05-00-refraiming-neu.html
2025-10-25 21:50:46,618 - src.batch - INFO - [28/101] Success
2025-10-25 21:50:47,618 - src.batch - INFO - [29/101] Processing: https://www.landsiedel.com/de/bibliothek/p-06-09-sprachmuster-des-milton-modells-neu.php
2025-10-25 21:50:53,565 - src.batch - INFO -   Saved: output/de/bibliothek/p-06-09-sprachmuster-des-milton-modells-neu.php.html
2025-10-25 21:50:53,565 - src.batch - INFO -   Saved: output/en/bibliothek/p-06-09-sprachmuster-des-milton-modells-neu.php.html
2025-10-25 21:50:53,565 - src.batch - INFO - [29/101] Success
2025-10-25 21:50:54,566 - src.batch - INFO - [30/101] Processing: https://www.landsiedel.com/de/bibliothek/p-07-08-das-pralinee-muster-neu.html
2025-10-25 21:50:57,855 - src.batch - INFO -   Saved: output/de/bibliothek/p-07-08-das-pralinee-muster-neu.html
2025-10-25 21:50:57,855 - src.batch - INFO -   Saved: output/en/bibliothek/p-07-08-das-pralinee-muster-neu.html
2025-10-25 21:50:57,855 - src.batch - INFO - [30/101] Success
2025-10-25 21:50:58,855 - src.batch - INFO - [31/101] Processing: https://www.landsiedel.com/de/bibliothek/p-07-10-angstgegner-neu.html
2025-10-25 21:51:02,132 - src.batch - INFO -   Saved: output/de/bibliothek/p-07-10-angstgegner-neu.html
2025-10-25 21:51:02,132 - src.batch - INFO -   Saved: output/en/bibliothek/p-07-10-angstgegner-neu.html
2025-10-25 21:51:02,133 - src.batch - INFO - [31/101] Success
2025-10-25 21:51:03,133 - src.batch - INFO - [32/101] Processing: https://www.landsiedel.com/de/bibliothek/p-08-00-strategien-neu.html
2025-10-25 21:51:20,527 - src.batch - INFO -   Saved: output/de/bibliothek/p-08-00-strategien-neu.html
2025-10-25 21:51:20,527 - src.batch - INFO -   Saved: output/en/bibliothek/p-08-00-strategien-neu.html
2025-10-25 21:51:20,527 - src.batch - INFO - [32/101] Success
2025-10-25 21:51:21,527 - src.batch - INFO - [33/101] Processing: https://www.landsiedel.com/de/bibliothek/p-09-00-stress-management-techniken-neu.php
2025-10-25 21:51:24,337 - src.batch - INFO -   Saved: output/de/bibliothek/p-09-00-stress-management-techniken-neu.php.html
2025-10-25 21:51:24,338 - src.batch - INFO -   Saved: output/en/bibliothek/p-09-00-stress-management-techniken-neu.php.html
2025-10-25 21:51:24,338 - src.batch - INFO - [33/101] Success
2025-10-25 21:51:25,338 - src.batch - INFO - [34/101] Processing: https://www.landsiedel.com/de/bibliothek/p-10-00-zeitlinienarbeit-neu.html
2025-10-25 21:51:31,276 - src.batch - INFO -   Saved: output/de/bibliothek/p-10-00-zeitlinienarbeit-neu.html
2025-10-25 21:51:31,276 - src.batch - INFO -   Saved: output/en/bibliothek/p-10-00-zeitlinienarbeit-neu.html
2025-10-25 21:51:31,276 - src.batch - INFO - [34/101] Success
2025-10-25 21:51:32,276 - src.batch - INFO - [35/101] Processing: https://www.landsiedel.com/de/bibliothek/p-10-05-die-submodalitaeten-der-zeit-neu.html
2025-10-25 21:51:36,928 - src.batch - INFO -   Saved: output/de/bibliothek/p-10-05-die-submodalitaeten-der-zeit-neu.html
2025-10-25 21:51:36,928 - src.batch - INFO -   Saved: output/en/bibliothek/p-10-05-die-submodalitaeten-der-zeit-neu.html
2025-10-25 21:51:36,928 - src.batch - INFO - [35/101] Success
2025-10-25 21:51:37,928 - src.batch - INFO - [36/101] Processing: https://www.landsiedel.com/de/bibliothek/p-10-07-verlockende-zukunft-neu.html
2025-10-25 21:51:41,097 - src.batch - INFO -   Saved: output/de/bibliothek/p-10-07-verlockende-zukunft-neu.html
2025-10-25 21:51:41,098 - src.batch - INFO -   Saved: output/en/bibliothek/p-10-07-verlockende-zukunft-neu.html
2025-10-25 21:51:41,098 - src.batch - INFO - [36/101] Success
2025-10-25 21:51:42,098 - src.batch - INFO - [37/101] Processing: https://www.landsiedel.com/de/coaching/coaching-bielefeld.php
2025-10-25 21:51:43,975 - src.batch - WARNING - [37/101] Skipped (fetch error): Failed after 3 retries: 404 Client Error: Not Found for url: https://www.landsiedel.com/de/coaching/coaching-bielefeld.php
2025-10-25 21:51:44,975 - src.batch - INFO - [38/101] Processing: https://www.landsiedel.com/de/die-zukunft-des-nlp-ist-gelb.html
2025-10-25 21:52:06,100 - src.batch - INFO -   Saved: output/de/die-zukunft-des-nlp-ist-gelb.html
2025-10-25 21:52:06,100 - src.batch - INFO -   Saved: output/en/die-zukunft-des-nlp-ist-gelb.html
2025-10-25 21:52:06,100 - src.batch - INFO - [38/101] Success
2025-10-25 21:52:07,100 - src.batch - INFO - [39/101] Processing: https://www.landsiedel.com/de/dvnlp-und-inlpta.html
2025-10-25 21:52:12,048 - src.batch - INFO -   Saved: output/de/dvnlp-und-inlpta.html
2025-10-25 21:52:12,048 - src.batch - INFO -   Saved: output/en/dvnlp-und-inlpta.html
2025-10-25 21:52:12,048 - src.batch - INFO - [39/101] Success
2025-10-25 21:52:13,048 - src.batch - INFO - [40/101] Processing: https://www.landsiedel.com/de/ebook/01-mehr-lebenserfolg-mit-nlp/e-book-01-mehr-lebenserfolg-mit-nlp.php
2025-10-25 21:52:14,051 - src.batch - INFO -   Saved: output/de/ebook/01-mehr-lebenserfolg-mit-nlp/e-book-01-mehr-lebenserfolg-mit-nlp.php.html
2025-10-25 21:52:14,051 - src.batch - INFO -   Saved: output/en/ebook/01-mehr-lebenserfolg-mit-nlp/e-book-01-mehr-lebenserfolg-mit-nlp.php.html
2025-10-25 21:52:14,051 - src.batch - INFO - [40/101] Success
2025-10-25 21:52:15,051 - src.batch - INFO - [41/101] Processing: https://www.landsiedel.com/de/ebook/08-spielerisch-zur-nlp-exzellenz/e-book-08-spielerisch-zur-nlp-exzellenz.html
2025-10-25 21:52:16,026 - src.batch - INFO -   Saved: output/de/ebook/08-spielerisch-zur-nlp-exzellenz/e-book-08-spielerisch-zur-nlp-exzellenz.html
2025-10-25 21:52:16,026 - src.batch - INFO -   Saved: output/en/ebook/08-spielerisch-zur-nlp-exzellenz/e-book-08-spielerisch-zur-nlp-exzellenz.html
2025-10-25 21:52:16,026 - src.batch - INFO - [41/101] Success
2025-10-25 21:52:17,027 - src.batch - INFO - [42/101] Processing: https://www.landsiedel.com/de/ebook/16-graves-level/e-book-16-graves-level.html
2025-10-25 21:52:17,706 - src.batch - INFO -   Saved: output/de/ebook/16-graves-level/e-book-16-graves-level.html
2025-10-25 21:52:17,706 - src.batch - INFO -   Saved: output/en/ebook/16-graves-level/e-book-16-graves-level.html
2025-10-25 21:52:17,706 - src.batch - INFO - [42/101] Success
2025-10-25 21:52:18,706 - src.batch - INFO - [43/101] Processing: https://www.landsiedel.com/de/ebook/18-faszination-hypnose/e-book-18-faszination-hypnose.html
2025-10-25 21:52:19,358 - src.batch - INFO -   Saved: output/de/ebook/18-faszination-hypnose/e-book-18-faszination-hypnose.html
2025-10-25 21:52:19,358 - src.batch - INFO -   Saved: output/en/ebook/18-faszination-hypnose/e-book-18-faszination-hypnose.html
2025-10-25 21:52:19,358 - src.batch - INFO - [43/101] Success
2025-10-25 21:52:20,358 - src.batch - INFO - [44/101] Processing: https://www.landsiedel.com/de/ebook/22-nonverbal-konflikte-meistern/e-book-22-nonverbal-konflikte-meistern.html
2025-10-25 21:52:20,988 - src.batch - INFO -   Saved: output/de/ebook/22-nonverbal-konflikte-meistern/e-book-22-nonverbal-konflikte-meistern.html
2025-10-25 21:52:20,988 - src.batch - INFO -   Saved: output/en/ebook/22-nonverbal-konflikte-meistern/e-book-22-nonverbal-konflikte-meistern.html
2025-10-25 21:52:20,988 - src.batch - INFO - [44/101] Success
2025-10-25 21:52:21,988 - src.batch - INFO - [45/101] Processing: https://www.landsiedel.com/de/ebook/23-presentation-booster/e-book-23-presentation-booster.html
2025-10-25 21:52:22,690 - src.batch - INFO -   Saved: output/de/ebook/23-presentation-booster/e-book-23-presentation-booster.html
2025-10-25 21:52:22,690 - src.batch - INFO -   Saved: output/en/ebook/23-presentation-booster/e-book-23-presentation-booster.html
2025-10-25 21:52:22,690 - src.batch - INFO - [45/101] Success
2025-10-25 21:52:23,691 - src.batch - INFO - [46/101] Processing: https://www.landsiedel.com/de/ebook/25-integrale-aufstellungen/e-book-25-integrale-aufstellungen.html
2025-10-25 21:52:24,352 - src.batch - INFO -   Saved: output/de/ebook/25-integrale-aufstellungen/e-book-25-integrale-aufstellungen.html
2025-10-25 21:52:24,352 - src.batch - INFO -   Saved: output/en/ebook/25-integrale-aufstellungen/e-book-25-integrale-aufstellungen.html
2025-10-25 21:52:24,352 - src.batch - INFO - [46/101] Success
2025-10-25 21:52:25,352 - src.batch - INFO - [47/101] Processing: https://www.landsiedel.com/de/ebook/27-erfolg-zwei-punkt-null/e-book-27-erfolg-zwei-punkt-null.html
2025-10-25 21:52:26,128 - src.batch - INFO -   Saved: output/de/ebook/27-erfolg-zwei-punkt-null/e-book-27-erfolg-zwei-punkt-null.html
2025-10-25 21:52:26,128 - src.batch - INFO -   Saved: output/en/ebook/27-erfolg-zwei-punkt-null/e-book-27-erfolg-zwei-punkt-null.html
2025-10-25 21:52:26,128 - src.batch - INFO - [47/101] Success
2025-10-25 21:52:27,128 - src.batch - INFO - [48/101] Processing: https://www.landsiedel.com/de/ebook/29-manipulation-durch-nlp/e-book-29-manipulation-durch-nlp.html
2025-10-25 21:52:27,840 - src.batch - INFO -   Saved: output/de/ebook/29-manipulation-durch-nlp/e-book-29-manipulation-durch-nlp.html
2025-10-25 21:52:27,840 - src.batch - INFO -   Saved: output/en/ebook/29-manipulation-durch-nlp/e-book-29-manipulation-durch-nlp.html
2025-10-25 21:52:27,840 - src.batch - INFO - [48/101] Success
2025-10-25 21:52:28,840 - src.batch - INFO - [49/101] Processing: https://www.landsiedel.com/de/ebook/31-rhetorik-redeinstiege/e-book-31-rhetorik-redeeinstiege.html
2025-10-25 21:52:29,520 - src.batch - INFO -   Saved: output/de/ebook/31-rhetorik-redeinstiege/e-book-31-rhetorik-redeeinstiege.html
2025-10-25 21:52:29,520 - src.batch - INFO -   Saved: output/en/ebook/31-rhetorik-redeinstiege/e-book-31-rhetorik-redeeinstiege.html
2025-10-25 21:52:29,520 - src.batch - INFO - [49/101] Success
2025-10-25 21:52:30,520 - src.batch - INFO - [50/101] Processing: https://www.landsiedel.com/de/ebook/32-rhetorik-aufbau-einer-rede/e-book-32-rhetorik-aufbau-einer-rede.html
2025-10-25 21:52:31,323 - src.batch - INFO -   Saved: output/de/ebook/32-rhetorik-aufbau-einer-rede/e-book-32-rhetorik-aufbau-einer-rede.html
2025-10-25 21:52:31,323 - src.batch - INFO -   Saved: output/en/ebook/32-rhetorik-aufbau-einer-rede/e-book-32-rhetorik-aufbau-einer-rede.html
2025-10-25 21:52:31,323 - src.batch - INFO - [50/101] Success
2025-10-25 21:52:32,323 - src.batch - INFO - [51/101] Processing: https://www.landsiedel.com/de/ebook/34-aikido-rhetorik/e-book-34-aikido-rhetorik.html
2025-10-25 21:52:33,212 - src.batch - INFO -   Saved: output/de/ebook/34-aikido-rhetorik/e-book-34-aikido-rhetorik.html
2025-10-25 21:52:33,212 - src.batch - INFO -   Saved: output/en/ebook/34-aikido-rhetorik/e-book-34-aikido-rhetorik.html
2025-10-25 21:52:33,213 - src.batch - INFO - [51/101] Success
2025-10-25 21:52:34,213 - src.batch - INFO - [52/101] Processing: https://www.landsiedel.com/de/ebook/nlp-ebooks.php
2025-10-25 21:52:52,921 - src.batch - INFO -   Saved: output/de/ebook/nlp-ebooks.php.html
2025-10-25 21:52:52,921 - src.batch - INFO -   Saved: output/en/ebook/nlp-ebooks.php.html
2025-10-25 21:52:52,921 - src.batch - INFO - [52/101] Success
2025-10-25 21:52:53,921 - src.batch - INFO - [53/101] Processing: https://www.landsiedel.com/de/geschichte-des-nlp.html
2025-10-25 21:53:14,133 - src.batch - INFO -   Saved: output/de/geschichte-des-nlp.html
2025-10-25 21:53:14,133 - src.batch - INFO -   Saved: output/en/geschichte-des-nlp.html
2025-10-25 21:53:14,133 - src.batch - INFO - [53/101] Success
2025-10-25 21:53:15,133 - src.batch - INFO - [54/101] Processing: https://www.landsiedel.com/de/index-de.php
2025-10-25 21:53:19,415 - src.batch - INFO -   Saved: output/de/index-de.php.html
2025-10-25 21:53:19,415 - src.batch - INFO -   Saved: output/en/index-de.php.html
2025-10-25 21:53:19,415 - src.batch - INFO - [54/101] Success
2025-10-25 21:53:20,415 - src.batch - INFO - [55/101] Processing: https://www.landsiedel.com/de/kritik/ist-nlp-unwissenschaftlich.html
2025-10-25 21:53:27,940 - src.batch - INFO -   Saved: output/de/kritik/ist-nlp-unwissenschaftlich.html
2025-10-25 21:53:27,940 - src.batch - INFO -   Saved: output/en/kritik/ist-nlp-unwissenschaftlich.html
2025-10-25 21:53:27,940 - src.batch - INFO - [55/101] Success
2025-10-25 21:53:28,940 - src.batch - INFO - [56/101] Processing: https://www.landsiedel.com/de/kritik/nlp-sekte-unterschiede.html
2025-10-25 21:53:33,573 - src.batch - INFO -   Saved: output/de/kritik/nlp-sekte-unterschiede.html
2025-10-25 21:53:33,573 - src.batch - INFO -   Saved: output/en/kritik/nlp-sekte-unterschiede.html
2025-10-25 21:53:33,573 - src.batch - INFO - [56/101] Success
2025-10-25 21:53:34,573 - src.batch - INFO - [57/101] Processing: https://www.landsiedel.com/de/nlp-advanced-master.html
2025-10-25 21:53:41,866 - src.batch - INFO -   Saved: output/de/nlp-advanced-master.html
2025-10-25 21:53:41,866 - src.batch - INFO -   Saved: output/en/nlp-advanced-master.html
2025-10-25 21:53:41,866 - src.batch - INFO - [57/101] Success
2025-10-25 21:53:42,866 - src.batch - INFO - [58/101] Processing: https://www.landsiedel.com/de/nlp-anwendungen.html
2025-10-25 21:53:46,894 - src.batch - INFO -   Saved: output/de/nlp-anwendungen.html
2025-10-25 21:53:46,894 - src.batch - INFO -   Saved: output/en/nlp-anwendungen.html
2025-10-25 21:53:46,894 - src.batch - INFO - [58/101] Success
2025-10-25 21:53:47,894 - src.batch - INFO - [59/101] Processing: https://www.landsiedel.com/de/nlp-basic-ausbildung.php
2025-10-25 21:53:52,733 - src.batch - INFO -   Saved: output/de/nlp-basic-ausbildung.php.html
2025-10-25 21:53:52,733 - src.batch - INFO -   Saved: output/en/nlp-basic-ausbildung.php.html
2025-10-25 21:53:52,733 - src.batch - INFO - [59/101] Success
2025-10-25 21:53:53,733 - src.batch - INFO - [60/101] Processing: https://www.landsiedel.com/de/nlp-beispiele.html
2025-10-25 21:54:04,288 - src.batch - INFO -   Saved: output/de/nlp-beispiele.html
2025-10-25 21:54:04,288 - src.batch - INFO -   Saved: output/en/nlp-beispiele.html
2025-10-25 21:54:04,288 - src.batch - INFO - [60/101] Success
2025-10-25 21:54:05,288 - src.batch - INFO - [61/101] Processing: https://www.landsiedel.com/de/nlp-diploma.html
2025-10-25 21:54:10,869 - src.batch - INFO -   Saved: output/de/nlp-diploma.html
2025-10-25 21:54:10,869 - src.batch - INFO -   Saved: output/en/nlp-diploma.html
2025-10-25 21:54:10,869 - src.batch - INFO - [61/101] Success
2025-10-25 21:54:11,870 - src.batch - INFO - [62/101] Processing: https://www.landsiedel.com/de/nlp-e-mail-training.html
2025-10-25 21:54:16,725 - src.batch - INFO -   Saved: output/de/nlp-e-mail-training.html
2025-10-25 21:54:16,725 - src.batch - INFO -   Saved: output/en/nlp-e-mail-training.html
2025-10-25 21:54:16,725 - src.batch - INFO - [62/101] Success
2025-10-25 21:54:17,725 - src.batch - INFO - [63/101] Processing: https://www.landsiedel.com/de/nlp-fuer-anfaenger.html
2025-10-25 21:54:28,901 - src.batch - INFO -   Saved: output/de/nlp-fuer-anfaenger.html
2025-10-25 21:54:28,901 - src.batch - INFO -   Saved: output/en/nlp-fuer-anfaenger.html
2025-10-25 21:54:28,901 - src.batch - INFO - [63/101] Success
2025-10-25 21:54:29,901 - src.batch - INFO - [64/101] Processing: https://www.landsiedel.com/de/nlp-kostenlos.html
2025-10-25 21:54:32,829 - src.batch - INFO -   Saved: output/de/nlp-kostenlos.html
2025-10-25 21:54:32,829 - src.batch - INFO -   Saved: output/en/nlp-kostenlos.html
2025-10-25 21:54:32,829 - src.batch - INFO - [64/101] Success
2025-10-25 21:54:33,830 - src.batch - INFO - [65/101] Processing: https://www.landsiedel.com/de/nlp-lernen-webinar-tv.php
2025-10-25 21:54:36,315 - src.batch - INFO -   Saved: output/de/nlp-lernen-webinar-tv.php.html
2025-10-25 21:54:36,315 - src.batch - INFO -   Saved: output/en/nlp-lernen-webinar-tv.php.html
2025-10-25 21:54:36,315 - src.batch - INFO - [65/101] Success
2025-10-25 21:54:37,315 - src.batch - INFO - [66/101] Processing: https://www.landsiedel.com/de/nlp-lernen-world-of-nlp-magazin.php
2025-10-25 21:54:40,610 - src.batch - INFO -   Saved: output/de/nlp-lernen-world-of-nlp-magazin.php.html
2025-10-25 21:54:40,610 - src.batch - INFO -   Saved: output/en/nlp-lernen-world-of-nlp-magazin.php.html
2025-10-25 21:54:40,610 - src.batch - INFO - [66/101] Success
2025-10-25 21:54:41,611 - src.batch - INFO - [67/101] Processing: https://www.landsiedel.com/de/nlp-lernen-world-of-nlp-plattform.html
2025-10-25 21:54:46,090 - src.batch - INFO -   Saved: output/de/nlp-lernen-world-of-nlp-plattform.html
2025-10-25 21:54:46,090 - src.batch - INFO -   Saved: output/en/nlp-lernen-world-of-nlp-plattform.html
2025-10-25 21:54:46,090 - src.batch - INFO - [67/101] Success
2025-10-25 21:54:47,091 - src.batch - INFO - [68/101] Processing: https://www.landsiedel.com/de/nlp-lexikon.html
2025-10-25 21:55:08,247 - src.batch - INFO -   Saved: output/de/nlp-lexikon.html
2025-10-25 21:55:08,247 - src.batch - INFO -   Saved: output/en/nlp-lexikon.html
2025-10-25 21:55:08,248 - src.batch - INFO - [68/101] Success
2025-10-25 21:55:09,248 - src.batch - INFO - [69/101] Processing: https://www.landsiedel.com/de/nlp-master.html
2025-10-25 21:55:22,050 - src.batch - INFO -   Saved: output/de/nlp-master.html
2025-10-25 21:55:22,051 - src.batch - INFO -   Saved: output/en/nlp-master.html
2025-10-25 21:55:22,051 - src.batch - INFO - [69/101] Success
2025-10-25 21:55:23,051 - src.batch - INFO - [70/101] Processing: https://www.landsiedel.com/de/nlp-paket.html
2025-10-25 21:55:25,100 - src.batch - INFO -   Saved: output/de/nlp-paket.html
2025-10-25 21:55:25,100 - src.batch - INFO -   Saved: output/en/nlp-paket.html
2025-10-25 21:55:25,100 - src.batch - INFO - [70/101] Success
2025-10-25 21:55:26,100 - src.batch - INFO - [71/101] Processing: https://www.landsiedel.com/de/nlp-podcast.php
2025-10-25 21:55:29,276 - src.batch - INFO -   Saved: output/de/nlp-podcast.php.html
2025-10-25 21:55:29,276 - src.batch - INFO -   Saved: output/en/nlp-podcast.php.html
2025-10-25 21:55:29,276 - src.batch - INFO - [71/101] Success
2025-10-25 21:55:30,276 - src.batch - INFO - [72/101] Processing: https://www.landsiedel.com/de/nlp-practitioner.php
2025-10-25 21:55:40,319 - src.batch - INFO -   Saved: output/de/nlp-practitioner.php.html
2025-10-25 21:55:40,319 - src.batch - INFO -   Saved: output/en/nlp-practitioner.php.html
2025-10-25 21:55:40,319 - src.batch - INFO - [72/101] Success
2025-10-25 21:55:41,319 - src.batch - INFO - [73/101] Processing: https://www.landsiedel.com/de/nlp-techniken.html
2025-10-25 21:55:57,597 - src.batch - INFO -   Saved: output/de/nlp-techniken.html
2025-10-25 21:55:57,597 - src.batch - INFO -   Saved: output/en/nlp-techniken.html
2025-10-25 21:55:57,597 - src.batch - INFO - [73/101] Success
2025-10-25 21:55:58,597 - src.batch - INFO - [74/101] Processing: https://www.landsiedel.com/de/nlp-trainer.html
2025-10-25 21:56:09,920 - src.batch - INFO -   Saved: output/de/nlp-trainer.html
2025-10-25 21:56:09,920 - src.batch - INFO -   Saved: output/en/nlp-trainer.html
2025-10-25 21:56:09,920 - src.batch - INFO - [74/101] Success
2025-10-25 21:56:10,920 - src.batch - INFO - [75/101] Processing: https://www.landsiedel.com/de/nlp-uebungen.html
2025-10-25 21:56:16,219 - src.batch - INFO -   Saved: output/de/nlp-uebungen.html
2025-10-25 21:56:16,219 - src.batch - INFO -   Saved: output/en/nlp-uebungen.html
2025-10-25 21:56:16,219 - src.batch - INFO - [75/101] Success
2025-10-25 21:56:17,220 - src.batch - INFO - [76/101] Processing: https://www.landsiedel.com/de/nlp-und-kritik.html
2025-10-25 21:56:20,550 - src.batch - INFO -   Saved: output/de/nlp-und-kritik.html
2025-10-25 21:56:20,550 - src.batch - INFO -   Saved: output/en/nlp-und-kritik.html
2025-10-25 21:56:20,550 - src.batch - INFO - [76/101] Success
2025-10-25 21:56:21,550 - src.batch - INFO - [77/101] Processing: https://www.landsiedel.com/de/nlp-vision.php
2025-10-25 21:56:25,621 - src.batch - INFO -   Saved: output/de/nlp-vision.php.html
2025-10-25 21:56:25,621 - src.batch - INFO -   Saved: output/en/nlp-vision.php.html
2025-10-25 21:56:25,622 - src.batch - INFO - [77/101] Success
2025-10-25 21:56:26,622 - src.batch - INFO - [78/101] Processing: https://www.landsiedel.com/de/nlp-wissen.php
2025-10-25 21:56:30,696 - src.batch - INFO -   Saved: output/de/nlp-wissen.php.html
2025-10-25 21:56:30,696 - src.batch - INFO -   Saved: output/en/nlp-wissen.php.html
2025-10-25 21:56:30,696 - src.batch - INFO - [78/101] Success
2025-10-25 21:56:31,696 - src.batch - INFO - [79/101] Processing: https://www.landsiedel.com/de/nlp/nlp-bedeutung.php
2025-10-25 21:56:52,295 - src.batch - INFO -   Saved: output/de/nlp/nlp-bedeutung.php.html
2025-10-25 21:56:52,295 - src.batch - INFO -   Saved: output/en/nlp/nlp-bedeutung.php.html
2025-10-25 21:56:52,295 - src.batch - INFO - [79/101] Success
2025-10-25 21:56:53,295 - src.batch - INFO - [80/101] Processing: https://www.landsiedel.com/de/nlp/nlp-kritik.php
2025-10-25 21:57:00,759 - src.batch - INFO -   Saved: output/de/nlp/nlp-kritik.php.html
2025-10-25 21:57:00,759 - src.batch - INFO -   Saved: output/en/nlp/nlp-kritik.php.html
2025-10-25 21:57:00,759 - src.batch - INFO - [80/101] Success
2025-10-25 21:57:01,759 - src.batch - INFO - [81/101] Processing: https://www.landsiedel.com/de/nlp/nlp-medien.php
2025-10-25 21:57:04,675 - src.batch - INFO -   Saved: output/de/nlp/nlp-medien.php.html
2025-10-25 21:57:04,675 - src.batch - INFO -   Saved: output/en/nlp/nlp-medien.php.html
2025-10-25 21:57:04,675 - src.batch - INFO - [81/101] Success
2025-10-25 21:57:05,675 - src.batch - INFO - [82/101] Processing: https://www.landsiedel.com/de/nlp/nlp-practitioner.php
2025-10-25 21:57:14,789 - src.batch - INFO -   Saved: output/de/nlp/nlp-practitioner.php.html
2025-10-25 21:57:14,789 - src.batch - INFO -   Saved: output/en/nlp/nlp-practitioner.php.html
2025-10-25 21:57:14,789 - src.batch - INFO - [82/101] Success
2025-10-25 21:57:15,789 - src.batch - INFO - [83/101] Processing: https://www.landsiedel.com/de/nlp/nlp-technik.php
2025-10-25 21:57:26,430 - src.batch - INFO -   Saved: output/de/nlp/nlp-technik.php.html
2025-10-25 21:57:26,430 - src.batch - INFO -   Saved: output/en/nlp/nlp-technik.php.html
2025-10-25 21:57:26,430 - src.batch - INFO - [83/101] Success
2025-10-25 21:57:27,430 - src.batch - INFO - [84/101] Processing: https://www.landsiedel.com/de/nlp/nlp-trainer.php
2025-10-25 21:57:42,753 - src.batch - INFO -   Saved: output/de/nlp/nlp-trainer.php.html
2025-10-25 21:57:42,753 - src.batch - INFO -   Saved: output/en/nlp/nlp-trainer.php.html
2025-10-25 21:57:42,753 - src.batch - INFO - [84/101] Success
2025-10-25 21:57:43,753 - src.batch - INFO - [85/101] Processing: https://www.landsiedel.com/de/nlp/was-ist-nlp.php
2025-10-25 21:57:54,669 - src.batch - INFO -   Saved: output/de/nlp/was-ist-nlp.php.html
2025-10-25 21:57:54,669 - src.batch - INFO -   Saved: output/en/nlp/was-ist-nlp.php.html
2025-10-25 21:57:54,669 - src.batch - INFO - [85/101] Success
2025-10-25 21:57:55,670 - src.batch - INFO - [86/101] Processing: https://www.landsiedel.com/de/podcast/nlp-podcast/nlp-podcast-21-mit-positiver-psychologie-ins-neue-jahr-starten.php
2025-10-25 21:58:00,109 - src.batch - INFO -   Saved: output/de/podcast/nlp-podcast/nlp-podcast-21-mit-positiver-psychologie-ins-neue-jahr-starten.php.html
2025-10-25 21:58:00,109 - src.batch - INFO -   Saved: output/en/podcast/nlp-podcast/nlp-podcast-21-mit-positiver-psychologie-ins-neue-jahr-starten.php.html
2025-10-25 21:58:00,109 - src.batch - INFO - [86/101] Success
2025-10-25 21:58:01,109 - src.batch - INFO - [87/101] Processing: https://www.landsiedel.com/de/team-carlos-salgado.html
2025-10-25 21:58:04,323 - src.batch - INFO -   Saved: output/de/team-carlos-salgado.html
2025-10-25 21:58:04,323 - src.batch - INFO -   Saved: output/en/team-carlos-salgado.html
2025-10-25 21:58:04,323 - src.batch - INFO - [87/101] Success
2025-10-25 21:58:05,324 - src.batch - INFO - [88/101] Processing: https://www.landsiedel.com/de/team-evi-anderson-krug.html
2025-10-25 21:58:08,703 - src.batch - INFO -   Saved: output/de/team-evi-anderson-krug.html
2025-10-25 21:58:08,703 - src.batch - INFO -   Saved: output/en/team-evi-anderson-krug.html
2025-10-25 21:58:08,704 - src.batch - INFO - [88/101] Success
2025-10-25 21:58:09,704 - src.batch - INFO - [89/101] Processing: https://www.landsiedel.com/de/team-kirstin-kaul.html
2025-10-25 21:58:12,824 - src.batch - INFO -   Saved: output/de/team-kirstin-kaul.html
2025-10-25 21:58:12,824 - src.batch - INFO -   Saved: output/en/team-kirstin-kaul.html
2025-10-25 21:58:12,824 - src.batch - INFO - [89/101] Success
2025-10-25 21:58:13,824 - src.batch - INFO - [90/101] Processing: https://www.landsiedel.com/de/team-marian-zefferer.html
2025-10-25 21:58:17,793 - src.batch - INFO -   Saved: output/de/team-marian-zefferer.html
2025-10-25 21:58:17,794 - src.batch - INFO -   Saved: output/en/team-marian-zefferer.html
2025-10-25 21:58:17,794 - src.batch - INFO - [90/101] Success
2025-10-25 21:58:18,794 - src.batch - INFO - [91/101] Processing: https://www.landsiedel.com/de/team-stephan-landsiedel.html
2025-10-25 21:58:23,156 - src.batch - INFO -   Saved: output/de/team-stephan-landsiedel.html
2025-10-25 21:58:23,156 - src.batch - INFO -   Saved: output/en/team-stephan-landsiedel.html
2025-10-25 21:58:23,156 - src.batch - INFO - [91/101] Success
2025-10-25 21:58:24,156 - src.batch - INFO - [92/101] Processing: https://www.landsiedel.com/de/was-ist-nlp.html
2025-10-25 21:58:45,239 - src.batch - INFO -   Saved: output/de/was-ist-nlp.html
2025-10-25 21:58:45,239 - src.batch - INFO -   Saved: output/en/was-ist-nlp.html
2025-10-25 21:58:45,239 - src.batch - INFO - [92/101] Success
2025-10-25 21:58:46,239 - src.batch - INFO - [93/101] Processing: https://www.landsiedel.com/de/wichtige-personen-im-nlp.html
2025-10-25 21:58:51,055 - src.batch - INFO -   Saved: output/de/wichtige-personen-im-nlp.html
2025-10-25 21:58:51,055 - src.batch - INFO -   Saved: output/en/wichtige-personen-im-nlp.html
2025-10-25 21:58:51,056 - src.batch - INFO - [93/101] Success
2025-10-25 21:58:52,056 - src.batch - INFO - [94/101] Processing: https://www.landsiedel.com/de/wichtige-personen/bert-hellinger.php
2025-10-25 21:58:57,090 - src.batch - INFO -   Saved: output/de/wichtige-personen/bert-hellinger.php.html
2025-10-25 21:58:57,090 - src.batch - INFO -   Saved: output/en/wichtige-personen/bert-hellinger.php.html
2025-10-25 21:58:57,091 - src.batch - INFO - [94/101] Success
2025-10-25 21:58:58,091 - src.batch - INFO - [95/101] Processing: https://www.landsiedel.com/de/wichtige-personen/frank-pucelik.php
2025-10-25 21:59:05,719 - src.batch - INFO -   Saved: output/de/wichtige-personen/frank-pucelik.php.html
2025-10-25 21:59:05,719 - src.batch - INFO -   Saved: output/en/wichtige-personen/frank-pucelik.php.html
2025-10-25 21:59:05,719 - src.batch - INFO - [95/101] Success
2025-10-25 21:59:06,720 - src.batch - INFO - [96/101] Processing: https://www.landsiedel.com/de/wichtige-personen/gregory-bateson.php
2025-10-25 21:59:15,205 - src.batch - INFO -   Saved: output/de/wichtige-personen/gregory-bateson.php.html
2025-10-25 21:59:15,205 - src.batch - INFO -   Saved: output/en/wichtige-personen/gregory-bateson.php.html
2025-10-25 21:59:15,205 - src.batch - INFO - [96/101] Success
2025-10-25 21:59:16,205 - src.batch - INFO - [97/101] Processing: https://www.landsiedel.com/de/wichtige-personen/gunther-schmidt.php
2025-10-25 21:59:22,452 - src.batch - INFO -   Saved: output/de/wichtige-personen/gunther-schmidt.php.html
2025-10-25 21:59:22,452 - src.batch - INFO -   Saved: output/en/wichtige-personen/gunther-schmidt.php.html
2025-10-25 21:59:22,452 - src.batch - INFO - [97/101] Success
2025-10-25 21:59:23,452 - src.batch - INFO - [98/101] Processing: https://www.landsiedel.com/de/wichtige-personen/john-grinder.php
2025-10-25 21:59:29,927 - src.batch - INFO -   Saved: output/de/wichtige-personen/john-grinder.php.html
2025-10-25 21:59:29,927 - src.batch - INFO -   Saved: output/en/wichtige-personen/john-grinder.php.html
2025-10-25 21:59:29,927 - src.batch - INFO - [98/101] Success
2025-10-25 21:59:30,928 - src.batch - INFO - [99/101] Processing: https://www.landsiedel.com/de/wichtige-personen/milton-erickson.php
2025-10-25 21:59:40,689 - src.batch - INFO -   Saved: output/de/wichtige-personen/milton-erickson.php.html
2025-10-25 21:59:40,689 - src.batch - INFO -   Saved: output/en/wichtige-personen/milton-erickson.php.html
2025-10-25 21:59:40,689 - src.batch - INFO - [99/101] Success
2025-10-25 21:59:41,690 - src.batch - INFO - [100/101] Processing: https://www.landsiedel.com/de/wichtige-personen/richard-bandler.html
2025-10-25 21:59:50,788 - src.batch - INFO -   Saved: output/de/wichtige-personen/richard-bandler.html
2025-10-25 21:59:50,789 - src.batch - INFO -   Saved: output/en/wichtige-personen/richard-bandler.html
2025-10-25 21:59:50,789 - src.batch - INFO - [100/101] Success
2025-10-25 21:59:51,789 - src.batch - INFO - [101/101] Processing: https://www.landsiedel.com/de/wichtige-personen/tony-robbins.html
2025-10-25 22:00:02,106 - src.batch - INFO -   Saved: output/de/wichtige-personen/tony-robbins.html
2025-10-25 22:00:02,106 - src.batch - INFO -   Saved: output/en/wichtige-personen/tony-robbins.html
2025-10-25 22:00:02,106 - src.batch - INFO - [101/101] Success
2025-10-25 22:00:02,106 - src.batch - INFO - ============================================================
2025-10-25 22:00:02,106 - src.batch - INFO - BATCH PROCESSING COMPLETE
2025-10-25 22:00:02,106 - src.batch - INFO -   Processed: 101
2025-10-25 22:00:02,106 - src.batch - INFO -   Success:   100
2025-10-25 22:00:02,106 - src.batch - INFO -   Failed:    0
2025-10-25 22:00:02,106 - src.batch - INFO -   Skipped:   1
2025-10-25 22:00:02,107 - src.batch - INFO - ============================================================
